<?xml version="1.0" encoding="utf-8"?>
<TestRun id="8ead7cc9-fe92-4e2a-a315-598666f0c6e4" name="xande@LIFECITYLIFELAP 2026-01-05 11:58:03" runUser="LIFECITYLIFELAP\xande" xmlns="http://microsoft.com/schemas/VisualStudio/TeamTest/2010">
  <Times creation="2026-01-05T11:58:03.7444051+00:00" queuing="2026-01-05T11:58:03.7444055+00:00" start="2026-01-05T11:58:00.5409058+00:00" finish="2026-01-05T11:58:03.7490296+00:00" />
  <TestSettings name="default" id="63bf95eb-f23e-41cf-acf7-717e2553ecca">
    <Deployment runDeploymentRoot="xande_LIFECITYLIFELAP_2026-01-05_11_58_03" />
  </TestSettings>
  <Results>
    <UnitTestResult executionId="668cc489-0fde-4c14-b4fc-2744325cb545" testId="f5bc84ca-ac6c-538a-dbed-a4919acf6451" testName="Migration_creates_species_table_and_allows_insert_and_query" computerName="LIFECITYLIFELAP" duration="00:00:00.5554950" startTime="2026-01-05T11:58:03.0667107+00:00" endTime="2026-01-05T11:58:03.6221789+00:00" testType="13cdc9d9-ddb5-4fa4-a97d-d965ccfc6d4b" outcome="Passed" testListId="8c84fa94-04c1-424b-9868-57a2d4851a1d" relativeResultsDirectory="668cc489-0fde-4c14-b4fc-2744325cb545" />
    <UnitTestResult executionId="271e2663-a87e-47d6-8c2f-56c6b9599624" testId="02fdab3a-09fc-b8b2-2e96-ffacd759954a" testName="Map_json_round_trip_preserves_dimensions_and_tiles" computerName="LIFECITYLIFELAP" duration="00:00:00.0348880" startTime="2026-01-05T11:58:03.6241769+00:00" endTime="2026-01-05T11:58:03.6590645+00:00" testType="13cdc9d9-ddb5-4fa4-a97d-d965ccfc6d4b" outcome="Passed" testListId="8c84fa94-04c1-424b-9868-57a2d4851a1d" relativeResultsDirectory="271e2663-a87e-47d6-8c2f-56c6b9599624" />
    <UnitTestResult executionId="3203ecef-dff8-460d-bead-ecd192c7df71" testId="9ffb699f-13cd-03dc-17bd-e0866c0e58c1" testName="Validator_rejects_duplicate_types" computerName="LIFECITYLIFELAP" duration="00:00:00.0004080" startTime="2026-01-05T11:58:03.6227732+00:00" endTime="2026-01-05T11:58:03.6231814+00:00" testType="13cdc9d9-ddb5-4fa4-a97d-d965ccfc6d4b" outcome="Passed" testListId="8c84fa94-04c1-424b-9868-57a2d4851a1d" relativeResultsDirectory="3203ecef-dff8-460d-bead-ecd192c7df71" />
    <UnitTestResult executionId="f84abf38-09ca-4635-b141-948586249be7" testId="c1289a7e-bd17-846f-a4c4-2264487cea80" testName="Test1" computerName="LIFECITYLIFELAP" duration="00:00:00.0205250" startTime="2026-01-05T11:58:03.6592117+00:00" endTime="2026-01-05T11:58:03.6797361+00:00" testType="13cdc9d9-ddb5-4fa4-a97d-d965ccfc6d4b" outcome="Passed" testListId="8c84fa94-04c1-424b-9868-57a2d4851a1d" relativeResultsDirectory="f84abf38-09ca-4635-b141-948586249be7" />
  </Results>
  <TestDefinitions>
    <UnitTest name="Test1" storage="c:\users\xande\onedrive - cirencester college\documents\vitriol\vitriol.tests\bin\debug\net9.0\vitriol.tests.dll" id="c1289a7e-bd17-846f-a4c4-2264487cea80">
      <Execution id="f84abf38-09ca-4635-b141-948586249be7" />
      <TestMethod codeBase="C:\Users\xande\OneDrive - Cirencester College\Documents\Vitriol\Vitriol.Tests\bin\Debug\net9.0\Vitriol.Tests.dll" adapterTypeName="executor://nunit3testexecutor/" className="Vitriol.Tests.Tests" name="Test1" />
    </UnitTest>
    <UnitTest name="Validator_rejects_duplicate_types" storage="c:\users\xande\onedrive - cirencester college\documents\vitriol\vitriol.tests\bin\debug\net9.0\vitriol.tests.dll" id="9ffb699f-13cd-03dc-17bd-e0866c0e58c1">
      <Execution id="3203ecef-dff8-460d-bead-ecd192c7df71" />
      <TestMethod codeBase="C:\Users\xande\OneDrive - Cirencester College\Documents\Vitriol\Vitriol.Tests\bin\Debug\net9.0\Vitriol.Tests.dll" adapterTypeName="executor://nunit3testexecutor/" className="Vitriol.Tests.DatabaseSmokeTests" name="Validator_rejects_duplicate_types" />
    </UnitTest>
    <UnitTest name="Map_json_round_trip_preserves_dimensions_and_tiles" storage="c:\users\xande\onedrive - cirencester college\documents\vitriol\vitriol.tests\bin\debug\net9.0\vitriol.tests.dll" id="02fdab3a-09fc-b8b2-2e96-ffacd759954a">
      <Execution id="271e2663-a87e-47d6-8c2f-56c6b9599624" />
      <TestMethod codeBase="C:\Users\xande\OneDrive - Cirencester College\Documents\Vitriol\Vitriol.Tests\bin\Debug\net9.0\Vitriol.Tests.dll" adapterTypeName="executor://nunit3testexecutor/" className="Vitriol.Tests.MapFormatTests" name="Map_json_round_trip_preserves_dimensions_and_tiles" />
    </UnitTest>
    <UnitTest name="Migration_creates_species_table_and_allows_insert_and_query" storage="c:\users\xande\onedrive - cirencester college\documents\vitriol\vitriol.tests\bin\debug\net9.0\vitriol.tests.dll" id="f5bc84ca-ac6c-538a-dbed-a4919acf6451">
      <Execution id="668cc489-0fde-4c14-b4fc-2744325cb545" />
      <TestMethod codeBase="C:\Users\xande\OneDrive - Cirencester College\Documents\Vitriol\Vitriol.Tests\bin\Debug\net9.0\Vitriol.Tests.dll" adapterTypeName="executor://nunit3testexecutor/" className="Vitriol.Tests.DatabaseSmokeTests" name="Migration_creates_species_table_and_allows_insert_and_query" />
    </UnitTest>
  </TestDefinitions>
  <TestEntries>
    <TestEntry testId="f5bc84ca-ac6c-538a-dbed-a4919acf6451" executionId="668cc489-0fde-4c14-b4fc-2744325cb545" testListId="8c84fa94-04c1-424b-9868-57a2d4851a1d" />
    <TestEntry testId="02fdab3a-09fc-b8b2-2e96-ffacd759954a" executionId="271e2663-a87e-47d6-8c2f-56c6b9599624" testListId="8c84fa94-04c1-424b-9868-57a2d4851a1d" />
    <TestEntry testId="9ffb699f-13cd-03dc-17bd-e0866c0e58c1" executionId="3203ecef-dff8-460d-bead-ecd192c7df71" testListId="8c84fa94-04c1-424b-9868-57a2d4851a1d" />
    <TestEntry testId="c1289a7e-bd17-846f-a4c4-2264487cea80" executionId="f84abf38-09ca-4635-b141-948586249be7" testListId="8c84fa94-04c1-424b-9868-57a2d4851a1d" />
  </TestEntries>
  <TestLists>
    <TestList name="Results Not in a List" id="8c84fa94-04c1-424b-9868-57a2d4851a1d" />
    <TestList name="All Loaded Results" id="19431567-8539-422a-85d7-44ee4e166bda" />
  </TestLists>
  <ResultSummary outcome="Completed">
    <Counters total="4" executed="4" passed="4" failed="0" error="0" timeout="0" aborted="0" inconclusive="0" passedButRunAborted="0" notRunnable="0" notExecuted="0" disconnected="0" warning="0" completed="0" inProgress="0" pending="0" />
    <Output>
      <StdOut>NUnit Adapter 4.6.0.0: Test execution started&#xD;
Running all tests in C:\Users\xande\OneDrive - Cirencester College\Documents\Vitriol\Vitriol.Tests\bin\Debug\net9.0\Vitriol.Tests.dll&#xD;
   NUnit3TestExecutor discovered 4 of 4 NUnit test cases using Current Discovery mode, Non-Explicit run&#xD;
NUnit Adapter 4.6.0.0: Test execution complete&#xD;
</StdOut>
    </Output>
  </ResultSummary>
</TestRun>